{"uuid":"3992885f-5019-4b2f-989a-7f0475bce846","historyId":"f0d0a7b4c41af170c939c718c9da3e79","fullName":"quangtester.testcase.EditVoucherTest.testEditVoucher","labels":[{"name":"package","value":"quangtester.testcase.EditVoucherTest"},{"name":"testClass","value":"quangtester.testcase.EditVoucherTest"},{"name":"testMethod","value":"testEditVoucher"},{"name":"parentSuite","value":"Default Suite"},{"name":"suite","value":"MyProject"},{"name":"subSuite","value":"quangtester.testcase.EditVoucherTest"},{"name":"host","value":"DGV-QUANGHA"},{"name":"thread","value":"31728@DGV-QUANGHA.main(1)"},{"name":"framework","value":"testng"},{"name":"language","value":"java"}],"links":[],"name":"testEditVoucher","status":"broken","statusDetails":{"known":false,"muted":false,"flaky":false,"message":"invalid selector: An invalid or illegal selector was specified\n  (Session info: chrome=112.0.5615.140)\nFor documentation on this error, please visit: https://selenium.dev/exceptions/#invalid_selector_exception\nBuild info: version: '4.9.1', revision: 'eb2032df7f'\nSystem info: os.name: 'Windows 10', os.arch: 'amd64', os.version: '10.0', java.version: '15.0.2'\nDriver info: org.openqa.selenium.chrome.ChromeDriver\nCommand: [411f3090161bf3a1552c480cd9ae041c, findElement {using=name, value=//div[text()='Chọn hình thức hết hạn']}]\nCapabilities {acceptInsecureCerts: false, browserName: chrome, browserVersion: 112.0.5615.140, chrome: {chromedriverVersion: 112.0.5615.49 (bd2a7bcb881c..., userDataDir: C:\\Users\\keybl\\AppData\\Loca...}, goog:chromeOptions: {debuggerAddress: localhost:53140}, networkConnectionEnabled: false, pageLoadStrategy: normal, platformName: windows, proxy: Proxy(), se:cdp: ws://localhost:53140/devtoo..., se:cdpVersion: 112.0.5615.140, setWindowRect: true, strictFileInteractability: false, timeouts: {implicit: 0, pageLoad: 300000, script: 30000}, unhandledPromptBehavior: dismiss and notify, webauthn:extension:credBlob: true, webauthn:extension:largeBlob: true, webauthn:extension:minPinLength: true, webauthn:extension:prf: true, webauthn:virtualAuthenticators: true}\nSession ID: 411f3090161bf3a1552c480cd9ae041c","trace":"org.openqa.selenium.InvalidSelectorException: invalid selector: An invalid or illegal selector was specified\n  (Session info: chrome=112.0.5615.140)\nFor documentation on this error, please visit: https://selenium.dev/exceptions/#invalid_selector_exception\nBuild info: version: '4.9.1', revision: 'eb2032df7f'\nSystem info: os.name: 'Windows 10', os.arch: 'amd64', os.version: '10.0', java.version: '15.0.2'\nDriver info: org.openqa.selenium.chrome.ChromeDriver\nCommand: [411f3090161bf3a1552c480cd9ae041c, findElement {using=name, value=//div[text()='Chọn hình thức hết hạn']}]\nCapabilities {acceptInsecureCerts: false, browserName: chrome, browserVersion: 112.0.5615.140, chrome: {chromedriverVersion: 112.0.5615.49 (bd2a7bcb881c..., userDataDir: C:\\Users\\keybl\\AppData\\Loca...}, goog:chromeOptions: {debuggerAddress: localhost:53140}, networkConnectionEnabled: false, pageLoadStrategy: normal, platformName: windows, proxy: Proxy(), se:cdp: ws://localhost:53140/devtoo..., se:cdpVersion: 112.0.5615.140, setWindowRect: true, strictFileInteractability: false, timeouts: {implicit: 0, pageLoad: 300000, script: 30000}, unhandledPromptBehavior: dismiss and notify, webauthn:extension:credBlob: true, webauthn:extension:largeBlob: true, webauthn:extension:minPinLength: true, webauthn:extension:prf: true, webauthn:virtualAuthenticators: true}\nSession ID: 411f3090161bf3a1552c480cd9ae041c\r\n\tat java.base/jdk.internal.reflect.NativeConstructorAccessorImpl.newInstance0(Native Method)\r\n\tat java.base/jdk.internal.reflect.NativeConstructorAccessorImpl.newInstance(NativeConstructorAccessorImpl.java:64)\r\n\tat java.base/jdk.internal.reflect.DelegatingConstructorAccessorImpl.newInstance(DelegatingConstructorAccessorImpl.java:45)\r\n\tat java.base/java.lang.reflect.Constructor.newInstanceWithCaller(Constructor.java:500)\r\n\tat java.base/java.lang.reflect.Constructor.newInstance(Constructor.java:481)\r\n\tat org.openqa.selenium.remote.codec.w3c.W3CHttpResponseCodec.createException(W3CHttpResponseCodec.java:200)\r\n\tat org.openqa.selenium.remote.codec.w3c.W3CHttpResponseCodec.decode(W3CHttpResponseCodec.java:133)\r\n\tat org.openqa.selenium.remote.codec.w3c.W3CHttpResponseCodec.decode(W3CHttpResponseCodec.java:53)\r\n\tat org.openqa.selenium.remote.HttpCommandExecutor.execute(HttpCommandExecutor.java:193)\r\n\tat org.openqa.selenium.remote.service.DriverCommandExecutor.invokeExecute(DriverCommandExecutor.java:183)\r\n\tat org.openqa.selenium.remote.service.DriverCommandExecutor.execute(DriverCommandExecutor.java:158)\r\n\tat org.openqa.selenium.remote.RemoteWebDriver.execute(RemoteWebDriver.java:543)\r\n\tat org.openqa.selenium.remote.ElementLocation$ElementFinder$2.findElement(ElementLocation.java:162)\r\n\tat org.openqa.selenium.remote.ElementLocation.findElement(ElementLocation.java:60)\r\n\tat org.openqa.selenium.remote.RemoteWebDriver.findElement(RemoteWebDriver.java:352)\r\n\tat org.openqa.selenium.remote.RemoteWebDriver.findElement(RemoteWebDriver.java:344)\r\n\tat org.openqa.selenium.support.ui.ExpectedConditions$7.apply(ExpectedConditions.java:197)\r\n\tat org.openqa.selenium.support.ui.ExpectedConditions$7.apply(ExpectedConditions.java:193)\r\n\tat org.openqa.selenium.support.ui.FluentWait.until(FluentWait.java:208)\r\n\tat keywords.WebActionUI.waitForElementVisible(WebActionUI.java:21)\r\n\tat keywords.WebActionUI.getWebElement(WebActionUI.java:25)\r\n\tat keywords.WebActionUI.scrollToElementWithJS(WebActionUI.java:100)\r\n\tat keywords.WebActionUI.clickOnElement(WebActionUI.java:42)\r\n\tat quangtester.pages.voucher.EditVoucherPage.handleValidationDate(EditVoucherPage.java:137)\r\n\tat quangtester.pages.voucher.EditVoucherPage.editFirstVoucher(EditVoucherPage.java:157)\r\n\tat quangtester.testcase.EditVoucherTest.testEditVoucher(EditVoucherTest.java:23)\r\n\tat java.base/jdk.internal.reflect.NativeMethodAccessorImpl.invoke0(Native Method)\r\n\tat java.base/jdk.internal.reflect.NativeMethodAccessorImpl.invoke(NativeMethodAccessorImpl.java:64)\r\n\tat java.base/jdk.internal.reflect.DelegatingMethodAccessorImpl.invoke(DelegatingMethodAccessorImpl.java:43)\r\n\tat java.base/java.lang.reflect.Method.invoke(Method.java:564)\r\n\tat org.testng.internal.MethodInvocationHelper.invokeMethod(MethodInvocationHelper.java:133)\r\n\tat org.testng.internal.TestInvoker.invokeMethod(TestInvoker.java:598)\r\n\tat org.testng.internal.TestInvoker.invokeTestMethod(TestInvoker.java:173)\r\n\tat org.testng.internal.MethodRunner.runInSequence(MethodRunner.java:46)\r\n\tat org.testng.internal.TestInvoker$MethodInvocationAgent.invoke(TestInvoker.java:824)\r\n\tat org.testng.internal.TestInvoker.invokeTestMethods(TestInvoker.java:146)\r\n\tat org.testng.internal.TestMethodWorker.invokeTestMethods(TestMethodWorker.java:146)\r\n\tat org.testng.internal.TestMethodWorker.run(TestMethodWorker.java:128)\r\n\tat java.base/java.util.ArrayList.forEach(ArrayList.java:1511)\r\n\tat org.testng.TestRunner.privateRun(TestRunner.java:794)\r\n\tat org.testng.TestRunner.run(TestRunner.java:596)\r\n\tat org.testng.SuiteRunner.runTest(SuiteRunner.java:377)\r\n\tat org.testng.SuiteRunner.runSequentially(SuiteRunner.java:371)\r\n\tat org.testng.SuiteRunner.privateRun(SuiteRunner.java:332)\r\n\tat org.testng.SuiteRunner.run(SuiteRunner.java:276)\r\n\tat org.testng.SuiteRunnerWorker.runSuite(SuiteRunnerWorker.java:53)\r\n\tat org.testng.SuiteRunnerWorker.run(SuiteRunnerWorker.java:96)\r\n\tat org.testng.TestNG.runSuitesSequentially(TestNG.java:1212)\r\n\tat org.testng.TestNG.runSuitesLocally(TestNG.java:1134)\r\n\tat org.testng.TestNG.runSuites(TestNG.java:1063)\r\n\tat org.testng.TestNG.run(TestNG.java:1031)\r\n\tat com.intellij.rt.testng.IDEARemoteTestNG.run(IDEARemoteTestNG.java:66)\r\n\tat com.intellij.rt.testng.RemoteTestNGStarter.main(RemoteTestNGStarter.java:109)\r\n"},"stage":"finished","steps":[{"name":"Open URL: https://doanhnghiep-development.dpoint.vn/login","status":"passed","stage":"finished","steps":[],"attachments":[],"parameters":[{"name":"value","value":"https://doanhnghiep-development.dpoint.vn/login"}],"start":1687424007927,"stop":1687424011260},{"name":"Get Text On Element: By.xpath: //h1[normalize-space()='Đăng nhập']","status":"passed","stage":"finished","steps":[],"attachments":[],"parameters":[{"name":"by","value":"By.xpath: //h1[normalize-space()='Đăng nhập']"}],"start":1687424011261,"stop":1687424011930},{"name":"Click And Set Text VieonDpoint On Element: By.xpath: //input[@placeholder='Nhập tên đăng nhập']","status":"passed","stage":"finished","steps":[],"attachments":[],"parameters":[{"name":"by","value":"By.xpath: //input[@placeholder='Nhập tên đăng nhập']"},{"name":"value","value":"VieonDpoint"}],"start":1687424011934,"stop":1687424012104},{"name":"Click And Set Text Dpoint@2021 On Element: By.xpath: //input[@placeholder ='Mật khẩu']","status":"passed","stage":"finished","steps":[],"attachments":[],"parameters":[{"name":"by","value":"By.xpath: //input[@placeholder ='Mật khẩu']"},{"name":"value","value":"Dpoint@2021"}],"start":1687424012104,"stop":1687424012218},{"name":"Get Text On Element: By.xpath: //li[normalize-space()='Trang chủ']","status":"passed","stage":"finished","steps":[],"attachments":[],"parameters":[{"name":"by","value":"By.xpath: //li[normalize-space()='Trang chủ']"}],"start":1687424017821,"stop":1687424018471},{"name":"Get Text On Element: By.xpath: //a[normalize-space()='Chương trình loyalty']","status":"passed","stage":"finished","steps":[],"attachments":[],"parameters":[{"name":"by","value":"By.xpath: //a[normalize-space()='Chương trình loyalty']"}],"start":1687424018471,"stop":1687424021697},{"name":"Get Text On Element: By.xpath: //a[text()='Hạng thành viên']","status":"passed","stage":"finished","steps":[],"attachments":[],"parameters":[{"name":"by","value":"By.xpath: //a[text()='Hạng thành viên']"}],"start":1687424021762,"stop":1687424021886},{"name":"Click On Element: By.xpath: //div[@class='sc-ikkxIA ipBIwE rdt_TableBody']/div[1]//a[2]","status":"passed","stage":"finished","steps":[{"name":"Scroll to Element: By.xpath: //div[@class='sc-ikkxIA ipBIwE rdt_TableBody']/div[1]//a[2]","status":"passed","stage":"finished","steps":[],"attachments":[],"parameters":[{"name":"by","value":"By.xpath: //div[@class='sc-ikkxIA ipBIwE rdt_TableBody']/div[1]//a[2]"}],"start":1687424022695,"stop":1687424023779}],"attachments":[],"parameters":[{"name":"by","value":"By.xpath: //div[@class='sc-ikkxIA ipBIwE rdt_TableBody']/div[1]//a[2]"}],"start":1687424022695,"stop":1687424023943},{"name":"Clear text  on element Using Ctrl A: By.name: voucherName","status":"passed","stage":"finished","steps":[],"attachments":[],"parameters":[{"name":"by","value":"By.name: voucherName"}],"start":1687424026956,"stop":1687424027312},{"name":"Clear text  on element Using Ctrl A: By.name: voucherRefId","status":"passed","stage":"finished","steps":[],"attachments":[],"parameters":[{"name":"by","value":"By.name: voucherRefId"}],"start":1687424027314,"stop":1687424027674},{"name":"Clear text  on element Using Ctrl A: By.name: pointsToRedeem","status":"passed","stage":"finished","steps":[],"attachments":[],"parameters":[{"name":"by","value":"By.name: pointsToRedeem"}],"start":1687424027674,"stop":1687424028024},{"name":"Clear text  on element Using Ctrl A: By.name: totalVouchers","status":"passed","stage":"finished","steps":[],"attachments":[],"parameters":[{"name":"by","value":"By.name: totalVouchers"}],"start":1687424028025,"stop":1687424028369},{"name":"Clear text  on element Using Ctrl A: By.name: voucherForm","status":"passed","stage":"finished","steps":[],"attachments":[],"parameters":[{"name":"by","value":"By.name: voucherForm"}],"start":1687424028369,"stop":1687424028698},{"name":"Click And Set Text Ưu đã từ các nhãn hàng khác On Element: By.xpath: //div[@class=' css-1hwfws3']","status":"passed","stage":"finished","steps":[],"attachments":[],"parameters":[{"name":"by","value":"By.xpath: //div[@class=' css-1hwfws3']"},{"name":"value","value":"Ưu đã từ các nhãn hàng khác"}],"start":1687424028699,"stop":1687424029103},{"name":"Click On Element: By.xpath: //div[@class='dropdown-heading-value']","status":"passed","stage":"finished","steps":[{"name":"Scroll to Element: By.xpath: //div[@class='dropdown-heading-value']","status":"passed","stage":"finished","steps":[],"attachments":[],"parameters":[{"name":"by","value":"By.xpath: //div[@class='dropdown-heading-value']"}],"start":1687424029119,"stop":1687424029150}],"attachments":[],"parameters":[{"name":"by","value":"By.xpath: //div[@class='dropdown-heading-value']"}],"start":1687424029118,"stop":1687424029241},{"name":"Click On Element: By.xpath: //span[normalize-space()='Tất cả']","status":"passed","stage":"finished","steps":[{"name":"Scroll to Element: By.xpath: //span[normalize-space()='Tất cả']","status":"passed","stage":"finished","steps":[],"attachments":[],"parameters":[{"name":"by","value":"By.xpath: //span[normalize-space()='Tất cả']"}],"start":1687424029242,"stop":1687424029288}],"attachments":[],"parameters":[{"name":"by","value":"By.xpath: //span[normalize-space()='Tất cả']"}],"start":1687424029242,"stop":1687424029391},{"name":"Click On Element: By.xpath: //div[@class='dropdown-heading-value']","status":"passed","stage":"finished","steps":[{"name":"Scroll to Element: By.xpath: //div[@class='dropdown-heading-value']","status":"passed","stage":"finished","steps":[],"attachments":[],"parameters":[{"name":"by","value":"By.xpath: //div[@class='dropdown-heading-value']"}],"start":1687424029391,"stop":1687424029422}],"attachments":[],"parameters":[{"name":"by","value":"By.xpath: //div[@class='dropdown-heading-value']"}],"start":1687424029391,"stop":1687424029519},{"name":"Click And Set Text \"Quà Vieon Number 3\" On Element: By.name: voucherName","status":"passed","stage":"finished","steps":[],"attachments":[],"parameters":[{"name":"by","value":"By.name: voucherName"},{"name":"value","value":"\"Quà Vieon Number 3\""}],"start":1687424029519,"stop":1687424029711},{"name":"Click And Set Text Giảm 100% On Element: By.name: voucherRefId","status":"passed","stage":"finished","steps":[],"attachments":[],"parameters":[{"name":"by","value":"By.name: voucherRefId"},{"name":"value","value":"Giảm 100%"}],"start":1687424029711,"stop":1687424029859},{"name":"Click And Set Text 10 On Element: By.name: pointsToRedeem","status":"passed","stage":"finished","steps":[],"attachments":[],"parameters":[{"name":"by","value":"By.name: pointsToRedeem"},{"name":"value","value":"10"}],"start":1687424029859,"stop":1687424029959},{"name":"Click And Set Text 100 On Element: By.name: totalVouchers","status":"passed","stage":"finished","steps":[],"attachments":[],"parameters":[{"name":"by","value":"By.name: totalVouchers"},{"name":"value","value":"100"}],"start":1687424029959,"stop":1687424030053},{"name":"Click And Set Text Dùng Điểm Đổi On Element: By.name: voucherForm","status":"passed","stage":"finished","steps":[],"attachments":[],"parameters":[{"name":"by","value":"By.name: voucherForm"},{"name":"value","value":"Dùng Điểm Đổi"}],"start":1687424030053,"stop":1687424030224},{"name":"Click On Element: By.name: //div[text()='Chọn hình thức hết hạn']","status":"broken","statusDetails":{"known":false,"muted":false,"flaky":false,"message":"invalid selector: An invalid or illegal selector was specified\n  (Session info: chrome=112.0.5615.140)\nFor documentation on this error, please visit: https://selenium.dev/exceptions/#invalid_selector_exception\nBuild info: version: '4.9.1', revision: 'eb2032df7f'\nSystem info: os.name: 'Windows 10', os.arch: 'amd64', os.version: '10.0', java.version: '15.0.2'\nDriver info: org.openqa.selenium.chrome.ChromeDriver\nCommand: [411f3090161bf3a1552c480cd9ae041c, findElement {using=name, value=//div[text()='Chọn hình thức hết hạn']}]\nCapabilities {acceptInsecureCerts: false, browserName: chrome, browserVersion: 112.0.5615.140, chrome: {chromedriverVersion: 112.0.5615.49 (bd2a7bcb881c..., userDataDir: C:\\Users\\keybl\\AppData\\Loca...}, goog:chromeOptions: {debuggerAddress: localhost:53140}, networkConnectionEnabled: false, pageLoadStrategy: normal, platformName: windows, proxy: Proxy(), se:cdp: ws://localhost:53140/devtoo..., se:cdpVersion: 112.0.5615.140, setWindowRect: true, strictFileInteractability: false, timeouts: {implicit: 0, pageLoad: 300000, script: 30000}, unhandledPromptBehavior: dismiss and notify, webauthn:extension:credBlob: true, webauthn:extension:largeBlob: true, webauthn:extension:minPinLength: true, webauthn:extension:prf: true, webauthn:virtualAuthenticators: true}\nSession ID: 411f3090161bf3a1552c480cd9ae041c","trace":"org.openqa.selenium.InvalidSelectorException: invalid selector: An invalid or illegal selector was specified\n  (Session info: chrome=112.0.5615.140)\nFor documentation on this error, please visit: https://selenium.dev/exceptions/#invalid_selector_exception\nBuild info: version: '4.9.1', revision: 'eb2032df7f'\nSystem info: os.name: 'Windows 10', os.arch: 'amd64', os.version: '10.0', java.version: '15.0.2'\nDriver info: org.openqa.selenium.chrome.ChromeDriver\nCommand: [411f3090161bf3a1552c480cd9ae041c, findElement {using=name, value=//div[text()='Chọn hình thức hết hạn']}]\nCapabilities {acceptInsecureCerts: false, browserName: chrome, browserVersion: 112.0.5615.140, chrome: {chromedriverVersion: 112.0.5615.49 (bd2a7bcb881c..., userDataDir: C:\\Users\\keybl\\AppData\\Loca...}, goog:chromeOptions: {debuggerAddress: localhost:53140}, networkConnectionEnabled: false, pageLoadStrategy: normal, platformName: windows, proxy: Proxy(), se:cdp: ws://localhost:53140/devtoo..., se:cdpVersion: 112.0.5615.140, setWindowRect: true, strictFileInteractability: false, timeouts: {implicit: 0, pageLoad: 300000, script: 30000}, unhandledPromptBehavior: dismiss and notify, webauthn:extension:credBlob: true, webauthn:extension:largeBlob: true, webauthn:extension:minPinLength: true, webauthn:extension:prf: true, webauthn:virtualAuthenticators: true}\nSession ID: 411f3090161bf3a1552c480cd9ae041c\r\n\tat java.base/jdk.internal.reflect.NativeConstructorAccessorImpl.newInstance0(Native Method)\r\n\tat java.base/jdk.internal.reflect.NativeConstructorAccessorImpl.newInstance(NativeConstructorAccessorImpl.java:64)\r\n\tat java.base/jdk.internal.reflect.DelegatingConstructorAccessorImpl.newInstance(DelegatingConstructorAccessorImpl.java:45)\r\n\tat java.base/java.lang.reflect.Constructor.newInstanceWithCaller(Constructor.java:500)\r\n\tat java.base/java.lang.reflect.Constructor.newInstance(Constructor.java:481)\r\n\tat org.openqa.selenium.remote.codec.w3c.W3CHttpResponseCodec.createException(W3CHttpResponseCodec.java:200)\r\n\tat org.openqa.selenium.remote.codec.w3c.W3CHttpResponseCodec.decode(W3CHttpResponseCodec.java:133)\r\n\tat org.openqa.selenium.remote.codec.w3c.W3CHttpResponseCodec.decode(W3CHttpResponseCodec.java:53)\r\n\tat org.openqa.selenium.remote.HttpCommandExecutor.execute(HttpCommandExecutor.java:193)\r\n\tat org.openqa.selenium.remote.service.DriverCommandExecutor.invokeExecute(DriverCommandExecutor.java:183)\r\n\tat org.openqa.selenium.remote.service.DriverCommandExecutor.execute(DriverCommandExecutor.java:158)\r\n\tat org.openqa.selenium.remote.RemoteWebDriver.execute(RemoteWebDriver.java:543)\r\n\tat org.openqa.selenium.remote.ElementLocation$ElementFinder$2.findElement(ElementLocation.java:162)\r\n\tat org.openqa.selenium.remote.ElementLocation.findElement(ElementLocation.java:60)\r\n\tat org.openqa.selenium.remote.RemoteWebDriver.findElement(RemoteWebDriver.java:352)\r\n\tat org.openqa.selenium.remote.RemoteWebDriver.findElement(RemoteWebDriver.java:344)\r\n\tat org.openqa.selenium.support.ui.ExpectedConditions$7.apply(ExpectedConditions.java:197)\r\n\tat org.openqa.selenium.support.ui.ExpectedConditions$7.apply(ExpectedConditions.java:193)\r\n\tat org.openqa.selenium.support.ui.FluentWait.until(FluentWait.java:208)\r\n\tat keywords.WebActionUI.waitForElementVisible(WebActionUI.java:21)\r\n\tat keywords.WebActionUI.getWebElement(WebActionUI.java:25)\r\n\tat keywords.WebActionUI.scrollToElementWithJS(WebActionUI.java:100)\r\n\tat keywords.WebActionUI.clickOnElement(WebActionUI.java:42)\r\n\tat quangtester.pages.voucher.EditVoucherPage.handleValidationDate(EditVoucherPage.java:137)\r\n\tat quangtester.pages.voucher.EditVoucherPage.editFirstVoucher(EditVoucherPage.java:157)\r\n\tat quangtester.testcase.EditVoucherTest.testEditVoucher(EditVoucherTest.java:23)\r\n\tat java.base/jdk.internal.reflect.NativeMethodAccessorImpl.invoke0(Native Method)\r\n\tat java.base/jdk.internal.reflect.NativeMethodAccessorImpl.invoke(NativeMethodAccessorImpl.java:64)\r\n\tat java.base/jdk.internal.reflect.DelegatingMethodAccessorImpl.invoke(DelegatingMethodAccessorImpl.java:43)\r\n\tat java.base/java.lang.reflect.Method.invoke(Method.java:564)\r\n\tat org.testng.internal.MethodInvocationHelper.invokeMethod(MethodInvocationHelper.java:133)\r\n\tat org.testng.internal.TestInvoker.invokeMethod(TestInvoker.java:598)\r\n\tat org.testng.internal.TestInvoker.invokeTestMethod(TestInvoker.java:173)\r\n\tat org.testng.internal.MethodRunner.runInSequence(MethodRunner.java:46)\r\n\tat org.testng.internal.TestInvoker$MethodInvocationAgent.invoke(TestInvoker.java:824)\r\n\tat org.testng.internal.TestInvoker.invokeTestMethods(TestInvoker.java:146)\r\n\tat org.testng.internal.TestMethodWorker.invokeTestMethods(TestMethodWorker.java:146)\r\n\tat org.testng.internal.TestMethodWorker.run(TestMethodWorker.java:128)\r\n\tat java.base/java.util.ArrayList.forEach(ArrayList.java:1511)\r\n\tat org.testng.TestRunner.privateRun(TestRunner.java:794)\r\n\tat org.testng.TestRunner.run(TestRunner.java:596)\r\n\tat org.testng.SuiteRunner.runTest(SuiteRunner.java:377)\r\n\tat org.testng.SuiteRunner.runSequentially(SuiteRunner.java:371)\r\n\tat org.testng.SuiteRunner.privateRun(SuiteRunner.java:332)\r\n\tat org.testng.SuiteRunner.run(SuiteRunner.java:276)\r\n\tat org.testng.SuiteRunnerWorker.runSuite(SuiteRunnerWorker.java:53)\r\n\tat org.testng.SuiteRunnerWorker.run(SuiteRunnerWorker.java:96)\r\n\tat org.testng.TestNG.runSuitesSequentially(TestNG.java:1212)\r\n\tat org.testng.TestNG.runSuitesLocally(TestNG.java:1134)\r\n\tat org.testng.TestNG.runSuites(TestNG.java:1063)\r\n\tat org.testng.TestNG.run(TestNG.java:1031)\r\n\tat com.intellij.rt.testng.IDEARemoteTestNG.run(IDEARemoteTestNG.java:66)\r\n\tat com.intellij.rt.testng.RemoteTestNGStarter.main(RemoteTestNGStarter.java:109)\r\n"},"stage":"finished","steps":[{"name":"Scroll to Element: By.name: //div[text()='Chọn hình thức hết hạn']","status":"broken","statusDetails":{"known":false,"muted":false,"flaky":false,"message":"invalid selector: An invalid or illegal selector was specified\n  (Session info: chrome=112.0.5615.140)\nFor documentation on this error, please visit: https://selenium.dev/exceptions/#invalid_selector_exception\nBuild info: version: '4.9.1', revision: 'eb2032df7f'\nSystem info: os.name: 'Windows 10', os.arch: 'amd64', os.version: '10.0', java.version: '15.0.2'\nDriver info: org.openqa.selenium.chrome.ChromeDriver\nCommand: [411f3090161bf3a1552c480cd9ae041c, findElement {using=name, value=//div[text()='Chọn hình thức hết hạn']}]\nCapabilities {acceptInsecureCerts: false, browserName: chrome, browserVersion: 112.0.5615.140, chrome: {chromedriverVersion: 112.0.5615.49 (bd2a7bcb881c..., userDataDir: C:\\Users\\keybl\\AppData\\Loca...}, goog:chromeOptions: {debuggerAddress: localhost:53140}, networkConnectionEnabled: false, pageLoadStrategy: normal, platformName: windows, proxy: Proxy(), se:cdp: ws://localhost:53140/devtoo..., se:cdpVersion: 112.0.5615.140, setWindowRect: true, strictFileInteractability: false, timeouts: {implicit: 0, pageLoad: 300000, script: 30000}, unhandledPromptBehavior: dismiss and notify, webauthn:extension:credBlob: true, webauthn:extension:largeBlob: true, webauthn:extension:minPinLength: true, webauthn:extension:prf: true, webauthn:virtualAuthenticators: true}\nSession ID: 411f3090161bf3a1552c480cd9ae041c","trace":"org.openqa.selenium.InvalidSelectorException: invalid selector: An invalid or illegal selector was specified\n  (Session info: chrome=112.0.5615.140)\nFor documentation on this error, please visit: https://selenium.dev/exceptions/#invalid_selector_exception\nBuild info: version: '4.9.1', revision: 'eb2032df7f'\nSystem info: os.name: 'Windows 10', os.arch: 'amd64', os.version: '10.0', java.version: '15.0.2'\nDriver info: org.openqa.selenium.chrome.ChromeDriver\nCommand: [411f3090161bf3a1552c480cd9ae041c, findElement {using=name, value=//div[text()='Chọn hình thức hết hạn']}]\nCapabilities {acceptInsecureCerts: false, browserName: chrome, browserVersion: 112.0.5615.140, chrome: {chromedriverVersion: 112.0.5615.49 (bd2a7bcb881c..., userDataDir: C:\\Users\\keybl\\AppData\\Loca...}, goog:chromeOptions: {debuggerAddress: localhost:53140}, networkConnectionEnabled: false, pageLoadStrategy: normal, platformName: windows, proxy: Proxy(), se:cdp: ws://localhost:53140/devtoo..., se:cdpVersion: 112.0.5615.140, setWindowRect: true, strictFileInteractability: false, timeouts: {implicit: 0, pageLoad: 300000, script: 30000}, unhandledPromptBehavior: dismiss and notify, webauthn:extension:credBlob: true, webauthn:extension:largeBlob: true, webauthn:extension:minPinLength: true, webauthn:extension:prf: true, webauthn:virtualAuthenticators: true}\nSession ID: 411f3090161bf3a1552c480cd9ae041c\r\n\tat java.base/jdk.internal.reflect.NativeConstructorAccessorImpl.newInstance0(Native Method)\r\n\tat java.base/jdk.internal.reflect.NativeConstructorAccessorImpl.newInstance(NativeConstructorAccessorImpl.java:64)\r\n\tat java.base/jdk.internal.reflect.DelegatingConstructorAccessorImpl.newInstance(DelegatingConstructorAccessorImpl.java:45)\r\n\tat java.base/java.lang.reflect.Constructor.newInstanceWithCaller(Constructor.java:500)\r\n\tat java.base/java.lang.reflect.Constructor.newInstance(Constructor.java:481)\r\n\tat org.openqa.selenium.remote.codec.w3c.W3CHttpResponseCodec.createException(W3CHttpResponseCodec.java:200)\r\n\tat org.openqa.selenium.remote.codec.w3c.W3CHttpResponseCodec.decode(W3CHttpResponseCodec.java:133)\r\n\tat org.openqa.selenium.remote.codec.w3c.W3CHttpResponseCodec.decode(W3CHttpResponseCodec.java:53)\r\n\tat org.openqa.selenium.remote.HttpCommandExecutor.execute(HttpCommandExecutor.java:193)\r\n\tat org.openqa.selenium.remote.service.DriverCommandExecutor.invokeExecute(DriverCommandExecutor.java:183)\r\n\tat org.openqa.selenium.remote.service.DriverCommandExecutor.execute(DriverCommandExecutor.java:158)\r\n\tat org.openqa.selenium.remote.RemoteWebDriver.execute(RemoteWebDriver.java:543)\r\n\tat org.openqa.selenium.remote.ElementLocation$ElementFinder$2.findElement(ElementLocation.java:162)\r\n\tat org.openqa.selenium.remote.ElementLocation.findElement(ElementLocation.java:60)\r\n\tat org.openqa.selenium.remote.RemoteWebDriver.findElement(RemoteWebDriver.java:352)\r\n\tat org.openqa.selenium.remote.RemoteWebDriver.findElement(RemoteWebDriver.java:344)\r\n\tat org.openqa.selenium.support.ui.ExpectedConditions$7.apply(ExpectedConditions.java:197)\r\n\tat org.openqa.selenium.support.ui.ExpectedConditions$7.apply(ExpectedConditions.java:193)\r\n\tat org.openqa.selenium.support.ui.FluentWait.until(FluentWait.java:208)\r\n\tat keywords.WebActionUI.waitForElementVisible(WebActionUI.java:21)\r\n\tat keywords.WebActionUI.getWebElement(WebActionUI.java:25)\r\n\tat keywords.WebActionUI.scrollToElementWithJS(WebActionUI.java:100)\r\n\tat keywords.WebActionUI.clickOnElement(WebActionUI.java:42)\r\n\tat quangtester.pages.voucher.EditVoucherPage.handleValidationDate(EditVoucherPage.java:137)\r\n\tat quangtester.pages.voucher.EditVoucherPage.editFirstVoucher(EditVoucherPage.java:157)\r\n\tat quangtester.testcase.EditVoucherTest.testEditVoucher(EditVoucherTest.java:23)\r\n\tat java.base/jdk.internal.reflect.NativeMethodAccessorImpl.invoke0(Native Method)\r\n\tat java.base/jdk.internal.reflect.NativeMethodAccessorImpl.invoke(NativeMethodAccessorImpl.java:64)\r\n\tat java.base/jdk.internal.reflect.DelegatingMethodAccessorImpl.invoke(DelegatingMethodAccessorImpl.java:43)\r\n\tat java.base/java.lang.reflect.Method.invoke(Method.java:564)\r\n\tat org.testng.internal.MethodInvocationHelper.invokeMethod(MethodInvocationHelper.java:133)\r\n\tat org.testng.internal.TestInvoker.invokeMethod(TestInvoker.java:598)\r\n\tat org.testng.internal.TestInvoker.invokeTestMethod(TestInvoker.java:173)\r\n\tat org.testng.internal.MethodRunner.runInSequence(MethodRunner.java:46)\r\n\tat org.testng.internal.TestInvoker$MethodInvocationAgent.invoke(TestInvoker.java:824)\r\n\tat org.testng.internal.TestInvoker.invokeTestMethods(TestInvoker.java:146)\r\n\tat org.testng.internal.TestMethodWorker.invokeTestMethods(TestMethodWorker.java:146)\r\n\tat org.testng.internal.TestMethodWorker.run(TestMethodWorker.java:128)\r\n\tat java.base/java.util.ArrayList.forEach(ArrayList.java:1511)\r\n\tat org.testng.TestRunner.privateRun(TestRunner.java:794)\r\n\tat org.testng.TestRunner.run(TestRunner.java:596)\r\n\tat org.testng.SuiteRunner.runTest(SuiteRunner.java:377)\r\n\tat org.testng.SuiteRunner.runSequentially(SuiteRunner.java:371)\r\n\tat org.testng.SuiteRunner.privateRun(SuiteRunner.java:332)\r\n\tat org.testng.SuiteRunner.run(SuiteRunner.java:276)\r\n\tat org.testng.SuiteRunnerWorker.runSuite(SuiteRunnerWorker.java:53)\r\n\tat org.testng.SuiteRunnerWorker.run(SuiteRunnerWorker.java:96)\r\n\tat org.testng.TestNG.runSuitesSequentially(TestNG.java:1212)\r\n\tat org.testng.TestNG.runSuitesLocally(TestNG.java:1134)\r\n\tat org.testng.TestNG.runSuites(TestNG.java:1063)\r\n\tat org.testng.TestNG.run(TestNG.java:1031)\r\n\tat com.intellij.rt.testng.IDEARemoteTestNG.run(IDEARemoteTestNG.java:66)\r\n\tat com.intellij.rt.testng.RemoteTestNGStarter.main(RemoteTestNGStarter.java:109)\r\n"},"stage":"finished","steps":[],"attachments":[],"parameters":[{"name":"by","value":"By.name: //div[text()='Chọn hình thức hết hạn']"}],"start":1687424030224,"stop":1687424030248}],"attachments":[],"parameters":[{"name":"by","value":"By.name: //div[text()='Chọn hình thức hết hạn']"}],"start":1687424030224,"stop":1687424030248}],"attachments":[{"name":"Page screenshot","source":"2b208e18-d61e-44ac-8a07-28287ce209f9-attachment","type":"image/png"}],"parameters":[],"start":1687424007840,"stop":1687424030845}