{"uuid":"9d9bc0db-2488-4d09-85cb-b71d2e442061","historyId":"f0d0a7b4c41af170c939c718c9da3e79","fullName":"quangtester.testcase.EditVoucherTest.testEditVoucher","labels":[{"name":"package","value":"quangtester.testcase.EditVoucherTest"},{"name":"testClass","value":"quangtester.testcase.EditVoucherTest"},{"name":"testMethod","value":"testEditVoucher"},{"name":"parentSuite","value":"Default Suite"},{"name":"suite","value":"MyProject"},{"name":"subSuite","value":"quangtester.testcase.EditVoucherTest"},{"name":"host","value":"DGV-QUANGHA"},{"name":"thread","value":"28188@DGV-QUANGHA.main(1)"},{"name":"framework","value":"testng"},{"name":"language","value":"java"}],"links":[],"name":"testEditVoucher","status":"broken","statusDetails":{"known":false,"muted":false,"flaky":false,"message":"Expected condition failed: waiting for visibility of element located by By.xpath: //span[normalize-space()='Tất cả'] (tried for 10 second(s) with 500 milliseconds interval)\nBuild info: version: '4.9.1', revision: 'eb2032df7f'\nSystem info: os.name: 'Windows 10', os.arch: 'amd64', os.version: '10.0', java.version: '15.0.2'\nDriver info: org.openqa.selenium.chrome.ChromeDriver\nCapabilities {acceptInsecureCerts: false, browserName: chrome, browserVersion: 112.0.5615.140, chrome: {chromedriverVersion: 112.0.5615.49 (bd2a7bcb881c..., userDataDir: C:\\Users\\keybl\\AppData\\Loca...}, goog:chromeOptions: {debuggerAddress: localhost:56735}, networkConnectionEnabled: false, pageLoadStrategy: normal, platformName: windows, proxy: Proxy(), se:cdp: ws://localhost:56735/devtoo..., se:cdpVersion: 112.0.5615.140, setWindowRect: true, strictFileInteractability: false, timeouts: {implicit: 0, pageLoad: 300000, script: 30000}, unhandledPromptBehavior: dismiss and notify, webauthn:extension:credBlob: true, webauthn:extension:largeBlob: true, webauthn:extension:minPinLength: true, webauthn:extension:prf: true, webauthn:virtualAuthenticators: true}\nSession ID: 5f6b7fef978d0fc260e956e2e5c4461c","trace":"org.openqa.selenium.TimeoutException: Expected condition failed: waiting for visibility of element located by By.xpath: //span[normalize-space()='Tất cả'] (tried for 10 second(s) with 500 milliseconds interval)\nBuild info: version: '4.9.1', revision: 'eb2032df7f'\nSystem info: os.name: 'Windows 10', os.arch: 'amd64', os.version: '10.0', java.version: '15.0.2'\nDriver info: org.openqa.selenium.chrome.ChromeDriver\nCapabilities {acceptInsecureCerts: false, browserName: chrome, browserVersion: 112.0.5615.140, chrome: {chromedriverVersion: 112.0.5615.49 (bd2a7bcb881c..., userDataDir: C:\\Users\\keybl\\AppData\\Loca...}, goog:chromeOptions: {debuggerAddress: localhost:56735}, networkConnectionEnabled: false, pageLoadStrategy: normal, platformName: windows, proxy: Proxy(), se:cdp: ws://localhost:56735/devtoo..., se:cdpVersion: 112.0.5615.140, setWindowRect: true, strictFileInteractability: false, timeouts: {implicit: 0, pageLoad: 300000, script: 30000}, unhandledPromptBehavior: dismiss and notify, webauthn:extension:credBlob: true, webauthn:extension:largeBlob: true, webauthn:extension:minPinLength: true, webauthn:extension:prf: true, webauthn:virtualAuthenticators: true}\nSession ID: 5f6b7fef978d0fc260e956e2e5c4461c\r\n\tat org.openqa.selenium.support.ui.WebDriverWait.timeoutException(WebDriverWait.java:87)\r\n\tat org.openqa.selenium.support.ui.FluentWait.until(FluentWait.java:231)\r\n\tat keywords.WebActionUI.waitForElementVisible(WebActionUI.java:21)\r\n\tat keywords.WebActionUI.getWebElement(WebActionUI.java:25)\r\n\tat keywords.WebActionUI.scrollToElementWithJS(WebActionUI.java:100)\r\n\tat keywords.WebActionUI.clickOnElement(WebActionUI.java:42)\r\n\tat quangtester.pages.voucher.EditVoucherPage.handleDropDownList(EditVoucherPage.java:133)\r\n\tat quangtester.pages.voucher.EditVoucherPage.editFirstVoucher(EditVoucherPage.java:151)\r\n\tat quangtester.testcase.EditVoucherTest.testEditVoucher(EditVoucherTest.java:23)\r\n\tat java.base/jdk.internal.reflect.NativeMethodAccessorImpl.invoke0(Native Method)\r\n\tat java.base/jdk.internal.reflect.NativeMethodAccessorImpl.invoke(NativeMethodAccessorImpl.java:64)\r\n\tat java.base/jdk.internal.reflect.DelegatingMethodAccessorImpl.invoke(DelegatingMethodAccessorImpl.java:43)\r\n\tat java.base/java.lang.reflect.Method.invoke(Method.java:564)\r\n\tat org.testng.internal.MethodInvocationHelper.invokeMethod(MethodInvocationHelper.java:133)\r\n\tat org.testng.internal.TestInvoker.invokeMethod(TestInvoker.java:598)\r\n\tat org.testng.internal.TestInvoker.invokeTestMethod(TestInvoker.java:173)\r\n\tat org.testng.internal.MethodRunner.runInSequence(MethodRunner.java:46)\r\n\tat org.testng.internal.TestInvoker$MethodInvocationAgent.invoke(TestInvoker.java:824)\r\n\tat org.testng.internal.TestInvoker.invokeTestMethods(TestInvoker.java:146)\r\n\tat org.testng.internal.TestMethodWorker.invokeTestMethods(TestMethodWorker.java:146)\r\n\tat org.testng.internal.TestMethodWorker.run(TestMethodWorker.java:128)\r\n\tat java.base/java.util.ArrayList.forEach(ArrayList.java:1511)\r\n\tat org.testng.TestRunner.privateRun(TestRunner.java:794)\r\n\tat org.testng.TestRunner.run(TestRunner.java:596)\r\n\tat org.testng.SuiteRunner.runTest(SuiteRunner.java:377)\r\n\tat org.testng.SuiteRunner.runSequentially(SuiteRunner.java:371)\r\n\tat org.testng.SuiteRunner.privateRun(SuiteRunner.java:332)\r\n\tat org.testng.SuiteRunner.run(SuiteRunner.java:276)\r\n\tat org.testng.SuiteRunnerWorker.runSuite(SuiteRunnerWorker.java:53)\r\n\tat org.testng.SuiteRunnerWorker.run(SuiteRunnerWorker.java:96)\r\n\tat org.testng.TestNG.runSuitesSequentially(TestNG.java:1212)\r\n\tat org.testng.TestNG.runSuitesLocally(TestNG.java:1134)\r\n\tat org.testng.TestNG.runSuites(TestNG.java:1063)\r\n\tat org.testng.TestNG.run(TestNG.java:1031)\r\n\tat com.intellij.rt.testng.IDEARemoteTestNG.run(IDEARemoteTestNG.java:66)\r\n\tat com.intellij.rt.testng.RemoteTestNGStarter.main(RemoteTestNGStarter.java:109)\r\n"},"stage":"finished","steps":[{"name":"Open URL: https://doanhnghiep-development.dpoint.vn/login","status":"passed","stage":"finished","steps":[],"attachments":[],"parameters":[{"name":"value","value":"https://doanhnghiep-development.dpoint.vn/login"}],"start":1687422680924,"stop":1687422682478},{"name":"Get Text On Element: By.xpath: //h1[normalize-space()='Đăng nhập']","status":"passed","stage":"finished","steps":[],"attachments":[],"parameters":[{"name":"by","value":"By.xpath: //h1[normalize-space()='Đăng nhập']"}],"start":1687422682479,"stop":1687422683675},{"name":"Click And Set Text VieonDpoint On Element: By.xpath: //input[@placeholder='Nhập tên đăng nhập']","status":"passed","stage":"finished","steps":[],"attachments":[],"parameters":[{"name":"by","value":"By.xpath: //input[@placeholder='Nhập tên đăng nhập']"},{"name":"value","value":"VieonDpoint"}],"start":1687422683678,"stop":1687422683858},{"name":"Click And Set Text Dpoint@2021 On Element: By.xpath: //input[@placeholder ='Mật khẩu']","status":"passed","stage":"finished","steps":[],"attachments":[],"parameters":[{"name":"by","value":"By.xpath: //input[@placeholder ='Mật khẩu']"},{"name":"value","value":"Dpoint@2021"}],"start":1687422683859,"stop":1687422684013},{"name":"Get Text On Element: By.xpath: //li[normalize-space()='Trang chủ']","status":"passed","stage":"finished","steps":[],"attachments":[],"parameters":[{"name":"by","value":"By.xpath: //li[normalize-space()='Trang chủ']"}],"start":1687422689675,"stop":1687422690345},{"name":"Get Text On Element: By.xpath: //a[normalize-space()='Chương trình loyalty']","status":"passed","stage":"finished","steps":[],"attachments":[],"parameters":[{"name":"by","value":"By.xpath: //a[normalize-space()='Chương trình loyalty']"}],"start":1687422690345,"stop":1687422693582},{"name":"Get Text On Element: By.xpath: //a[text()='Hạng thành viên']","status":"passed","stage":"finished","steps":[],"attachments":[],"parameters":[{"name":"by","value":"By.xpath: //a[text()='Hạng thành viên']"}],"start":1687422693655,"stop":1687422693776},{"name":"Click On Element: By.xpath: //div[@class='sc-ikkxIA ipBIwE rdt_TableBody']/child::div[1]//a[2]","status":"passed","stage":"finished","steps":[{"name":"Scroll to Element: By.xpath: //div[@class='sc-ikkxIA ipBIwE rdt_TableBody']/child::div[1]//a[2]","status":"passed","stage":"finished","steps":[],"attachments":[],"parameters":[{"name":"by","value":"By.xpath: //div[@class='sc-ikkxIA ipBIwE rdt_TableBody']/child::div[1]//a[2]"}],"start":1687422694568,"stop":1687422695682}],"attachments":[],"parameters":[{"name":"by","value":"By.xpath: //div[@class='sc-ikkxIA ipBIwE rdt_TableBody']/child::div[1]//a[2]"}],"start":1687422694568,"stop":1687422695933},{"name":"Clear text  on element Using Ctrl A: By.name: voucherName","status":"passed","stage":"finished","steps":[],"attachments":[],"parameters":[{"name":"by","value":"By.name: voucherName"}],"start":1687422698945,"stop":1687422699340},{"name":"Clear text  on element Using Ctrl A: By.name: voucherRefId","status":"passed","stage":"finished","steps":[],"attachments":[],"parameters":[{"name":"by","value":"By.name: voucherRefId"}],"start":1687422699340,"stop":1687422699672},{"name":"Clear text  on element Using Ctrl A: By.name: pointsToRedeem","status":"passed","stage":"finished","steps":[],"attachments":[],"parameters":[{"name":"by","value":"By.name: pointsToRedeem"}],"start":1687422699673,"stop":1687422700031},{"name":"Clear text  on element Using Ctrl A: By.name: totalVouchers","status":"passed","stage":"finished","steps":[],"attachments":[],"parameters":[{"name":"by","value":"By.name: totalVouchers"}],"start":1687422700031,"stop":1687422700367},{"name":"Clear text  on element Using Ctrl A: By.name: voucherForm","status":"passed","stage":"finished","steps":[],"attachments":[],"parameters":[{"name":"by","value":"By.name: voucherForm"}],"start":1687422700367,"stop":1687422700727},{"name":"Click And Set Text Ưu đãi các nhãn hàng On Element: By.xpath: //div[@class=' css-1hwfws3']","status":"passed","stage":"finished","steps":[],"attachments":[],"parameters":[{"name":"by","value":"By.xpath: //div[@class=' css-1hwfws3']"},{"name":"value","value":"Ưu đãi các nhãn hàng"}],"start":1687422700727,"stop":1687422701107},{"name":"Click On Element: By.xpath: //div[@class='dropdown-heading-value']","status":"passed","stage":"finished","steps":[{"name":"Scroll to Element: By.xpath: //div[@class='dropdown-heading-value']","status":"passed","stage":"finished","steps":[],"attachments":[],"parameters":[{"name":"by","value":"By.xpath: //div[@class='dropdown-heading-value']"}],"start":1687422701114,"stop":1687422701157}],"attachments":[],"parameters":[{"name":"by","value":"By.xpath: //div[@class='dropdown-heading-value']"}],"start":1687422701114,"stop":1687422701254},{"name":"Click On Element: By.xpath: //span[normalize-space()='Tất cả']","status":"broken","statusDetails":{"known":false,"muted":false,"flaky":false,"message":"Expected condition failed: waiting for visibility of element located by By.xpath: //span[normalize-space()='Tất cả'] (tried for 10 second(s) with 500 milliseconds interval)\nBuild info: version: '4.9.1', revision: 'eb2032df7f'\nSystem info: os.name: 'Windows 10', os.arch: 'amd64', os.version: '10.0', java.version: '15.0.2'\nDriver info: org.openqa.selenium.chrome.ChromeDriver\nCapabilities {acceptInsecureCerts: false, browserName: chrome, browserVersion: 112.0.5615.140, chrome: {chromedriverVersion: 112.0.5615.49 (bd2a7bcb881c..., userDataDir: C:\\Users\\keybl\\AppData\\Loca...}, goog:chromeOptions: {debuggerAddress: localhost:56735}, networkConnectionEnabled: false, pageLoadStrategy: normal, platformName: windows, proxy: Proxy(), se:cdp: ws://localhost:56735/devtoo..., se:cdpVersion: 112.0.5615.140, setWindowRect: true, strictFileInteractability: false, timeouts: {implicit: 0, pageLoad: 300000, script: 30000}, unhandledPromptBehavior: dismiss and notify, webauthn:extension:credBlob: true, webauthn:extension:largeBlob: true, webauthn:extension:minPinLength: true, webauthn:extension:prf: true, webauthn:virtualAuthenticators: true}\nSession ID: 5f6b7fef978d0fc260e956e2e5c4461c","trace":"org.openqa.selenium.TimeoutException: Expected condition failed: waiting for visibility of element located by By.xpath: //span[normalize-space()='Tất cả'] (tried for 10 second(s) with 500 milliseconds interval)\nBuild info: version: '4.9.1', revision: 'eb2032df7f'\nSystem info: os.name: 'Windows 10', os.arch: 'amd64', os.version: '10.0', java.version: '15.0.2'\nDriver info: org.openqa.selenium.chrome.ChromeDriver\nCapabilities {acceptInsecureCerts: false, browserName: chrome, browserVersion: 112.0.5615.140, chrome: {chromedriverVersion: 112.0.5615.49 (bd2a7bcb881c..., userDataDir: C:\\Users\\keybl\\AppData\\Loca...}, goog:chromeOptions: {debuggerAddress: localhost:56735}, networkConnectionEnabled: false, pageLoadStrategy: normal, platformName: windows, proxy: Proxy(), se:cdp: ws://localhost:56735/devtoo..., se:cdpVersion: 112.0.5615.140, setWindowRect: true, strictFileInteractability: false, timeouts: {implicit: 0, pageLoad: 300000, script: 30000}, unhandledPromptBehavior: dismiss and notify, webauthn:extension:credBlob: true, webauthn:extension:largeBlob: true, webauthn:extension:minPinLength: true, webauthn:extension:prf: true, webauthn:virtualAuthenticators: true}\nSession ID: 5f6b7fef978d0fc260e956e2e5c4461c\r\n\tat org.openqa.selenium.support.ui.WebDriverWait.timeoutException(WebDriverWait.java:87)\r\n\tat org.openqa.selenium.support.ui.FluentWait.until(FluentWait.java:231)\r\n\tat keywords.WebActionUI.waitForElementVisible(WebActionUI.java:21)\r\n\tat keywords.WebActionUI.getWebElement(WebActionUI.java:25)\r\n\tat keywords.WebActionUI.scrollToElementWithJS(WebActionUI.java:100)\r\n\tat keywords.WebActionUI.clickOnElement(WebActionUI.java:42)\r\n\tat quangtester.pages.voucher.EditVoucherPage.handleDropDownList(EditVoucherPage.java:133)\r\n\tat quangtester.pages.voucher.EditVoucherPage.editFirstVoucher(EditVoucherPage.java:151)\r\n\tat quangtester.testcase.EditVoucherTest.testEditVoucher(EditVoucherTest.java:23)\r\n\tat java.base/jdk.internal.reflect.NativeMethodAccessorImpl.invoke0(Native Method)\r\n\tat java.base/jdk.internal.reflect.NativeMethodAccessorImpl.invoke(NativeMethodAccessorImpl.java:64)\r\n\tat java.base/jdk.internal.reflect.DelegatingMethodAccessorImpl.invoke(DelegatingMethodAccessorImpl.java:43)\r\n\tat java.base/java.lang.reflect.Method.invoke(Method.java:564)\r\n\tat org.testng.internal.MethodInvocationHelper.invokeMethod(MethodInvocationHelper.java:133)\r\n\tat org.testng.internal.TestInvoker.invokeMethod(TestInvoker.java:598)\r\n\tat org.testng.internal.TestInvoker.invokeTestMethod(TestInvoker.java:173)\r\n\tat org.testng.internal.MethodRunner.runInSequence(MethodRunner.java:46)\r\n\tat org.testng.internal.TestInvoker$MethodInvocationAgent.invoke(TestInvoker.java:824)\r\n\tat org.testng.internal.TestInvoker.invokeTestMethods(TestInvoker.java:146)\r\n\tat org.testng.internal.TestMethodWorker.invokeTestMethods(TestMethodWorker.java:146)\r\n\tat org.testng.internal.TestMethodWorker.run(TestMethodWorker.java:128)\r\n\tat java.base/java.util.ArrayList.forEach(ArrayList.java:1511)\r\n\tat org.testng.TestRunner.privateRun(TestRunner.java:794)\r\n\tat org.testng.TestRunner.run(TestRunner.java:596)\r\n\tat org.testng.SuiteRunner.runTest(SuiteRunner.java:377)\r\n\tat org.testng.SuiteRunner.runSequentially(SuiteRunner.java:371)\r\n\tat org.testng.SuiteRunner.privateRun(SuiteRunner.java:332)\r\n\tat org.testng.SuiteRunner.run(SuiteRunner.java:276)\r\n\tat org.testng.SuiteRunnerWorker.runSuite(SuiteRunnerWorker.java:53)\r\n\tat org.testng.SuiteRunnerWorker.run(SuiteRunnerWorker.java:96)\r\n\tat org.testng.TestNG.runSuitesSequentially(TestNG.java:1212)\r\n\tat org.testng.TestNG.runSuitesLocally(TestNG.java:1134)\r\n\tat org.testng.TestNG.runSuites(TestNG.java:1063)\r\n\tat org.testng.TestNG.run(TestNG.java:1031)\r\n\tat com.intellij.rt.testng.IDEARemoteTestNG.run(IDEARemoteTestNG.java:66)\r\n\tat com.intellij.rt.testng.RemoteTestNGStarter.main(RemoteTestNGStarter.java:109)\r\n"},"stage":"finished","steps":[{"name":"Scroll to Element: By.xpath: //span[normalize-space()='Tất cả']","status":"broken","statusDetails":{"known":false,"muted":false,"flaky":false,"message":"Expected condition failed: waiting for visibility of element located by By.xpath: //span[normalize-space()='Tất cả'] (tried for 10 second(s) with 500 milliseconds interval)\nBuild info: version: '4.9.1', revision: 'eb2032df7f'\nSystem info: os.name: 'Windows 10', os.arch: 'amd64', os.version: '10.0', java.version: '15.0.2'\nDriver info: org.openqa.selenium.chrome.ChromeDriver\nCapabilities {acceptInsecureCerts: false, browserName: chrome, browserVersion: 112.0.5615.140, chrome: {chromedriverVersion: 112.0.5615.49 (bd2a7bcb881c..., userDataDir: C:\\Users\\keybl\\AppData\\Loca...}, goog:chromeOptions: {debuggerAddress: localhost:56735}, networkConnectionEnabled: false, pageLoadStrategy: normal, platformName: windows, proxy: Proxy(), se:cdp: ws://localhost:56735/devtoo..., se:cdpVersion: 112.0.5615.140, setWindowRect: true, strictFileInteractability: false, timeouts: {implicit: 0, pageLoad: 300000, script: 30000}, unhandledPromptBehavior: dismiss and notify, webauthn:extension:credBlob: true, webauthn:extension:largeBlob: true, webauthn:extension:minPinLength: true, webauthn:extension:prf: true, webauthn:virtualAuthenticators: true}\nSession ID: 5f6b7fef978d0fc260e956e2e5c4461c","trace":"org.openqa.selenium.TimeoutException: Expected condition failed: waiting for visibility of element located by By.xpath: //span[normalize-space()='Tất cả'] (tried for 10 second(s) with 500 milliseconds interval)\nBuild info: version: '4.9.1', revision: 'eb2032df7f'\nSystem info: os.name: 'Windows 10', os.arch: 'amd64', os.version: '10.0', java.version: '15.0.2'\nDriver info: org.openqa.selenium.chrome.ChromeDriver\nCapabilities {acceptInsecureCerts: false, browserName: chrome, browserVersion: 112.0.5615.140, chrome: {chromedriverVersion: 112.0.5615.49 (bd2a7bcb881c..., userDataDir: C:\\Users\\keybl\\AppData\\Loca...}, goog:chromeOptions: {debuggerAddress: localhost:56735}, networkConnectionEnabled: false, pageLoadStrategy: normal, platformName: windows, proxy: Proxy(), se:cdp: ws://localhost:56735/devtoo..., se:cdpVersion: 112.0.5615.140, setWindowRect: true, strictFileInteractability: false, timeouts: {implicit: 0, pageLoad: 300000, script: 30000}, unhandledPromptBehavior: dismiss and notify, webauthn:extension:credBlob: true, webauthn:extension:largeBlob: true, webauthn:extension:minPinLength: true, webauthn:extension:prf: true, webauthn:virtualAuthenticators: true}\nSession ID: 5f6b7fef978d0fc260e956e2e5c4461c\r\n\tat org.openqa.selenium.support.ui.WebDriverWait.timeoutException(WebDriverWait.java:87)\r\n\tat org.openqa.selenium.support.ui.FluentWait.until(FluentWait.java:231)\r\n\tat keywords.WebActionUI.waitForElementVisible(WebActionUI.java:21)\r\n\tat keywords.WebActionUI.getWebElement(WebActionUI.java:25)\r\n\tat keywords.WebActionUI.scrollToElementWithJS(WebActionUI.java:100)\r\n\tat keywords.WebActionUI.clickOnElement(WebActionUI.java:42)\r\n\tat quangtester.pages.voucher.EditVoucherPage.handleDropDownList(EditVoucherPage.java:133)\r\n\tat quangtester.pages.voucher.EditVoucherPage.editFirstVoucher(EditVoucherPage.java:151)\r\n\tat quangtester.testcase.EditVoucherTest.testEditVoucher(EditVoucherTest.java:23)\r\n\tat java.base/jdk.internal.reflect.NativeMethodAccessorImpl.invoke0(Native Method)\r\n\tat java.base/jdk.internal.reflect.NativeMethodAccessorImpl.invoke(NativeMethodAccessorImpl.java:64)\r\n\tat java.base/jdk.internal.reflect.DelegatingMethodAccessorImpl.invoke(DelegatingMethodAccessorImpl.java:43)\r\n\tat java.base/java.lang.reflect.Method.invoke(Method.java:564)\r\n\tat org.testng.internal.MethodInvocationHelper.invokeMethod(MethodInvocationHelper.java:133)\r\n\tat org.testng.internal.TestInvoker.invokeMethod(TestInvoker.java:598)\r\n\tat org.testng.internal.TestInvoker.invokeTestMethod(TestInvoker.java:173)\r\n\tat org.testng.internal.MethodRunner.runInSequence(MethodRunner.java:46)\r\n\tat org.testng.internal.TestInvoker$MethodInvocationAgent.invoke(TestInvoker.java:824)\r\n\tat org.testng.internal.TestInvoker.invokeTestMethods(TestInvoker.java:146)\r\n\tat org.testng.internal.TestMethodWorker.invokeTestMethods(TestMethodWorker.java:146)\r\n\tat org.testng.internal.TestMethodWorker.run(TestMethodWorker.java:128)\r\n\tat java.base/java.util.ArrayList.forEach(ArrayList.java:1511)\r\n\tat org.testng.TestRunner.privateRun(TestRunner.java:794)\r\n\tat org.testng.TestRunner.run(TestRunner.java:596)\r\n\tat org.testng.SuiteRunner.runTest(SuiteRunner.java:377)\r\n\tat org.testng.SuiteRunner.runSequentially(SuiteRunner.java:371)\r\n\tat org.testng.SuiteRunner.privateRun(SuiteRunner.java:332)\r\n\tat org.testng.SuiteRunner.run(SuiteRunner.java:276)\r\n\tat org.testng.SuiteRunnerWorker.runSuite(SuiteRunnerWorker.java:53)\r\n\tat org.testng.SuiteRunnerWorker.run(SuiteRunnerWorker.java:96)\r\n\tat org.testng.TestNG.runSuitesSequentially(TestNG.java:1212)\r\n\tat org.testng.TestNG.runSuitesLocally(TestNG.java:1134)\r\n\tat org.testng.TestNG.runSuites(TestNG.java:1063)\r\n\tat org.testng.TestNG.run(TestNG.java:1031)\r\n\tat com.intellij.rt.testng.IDEARemoteTestNG.run(IDEARemoteTestNG.java:66)\r\n\tat com.intellij.rt.testng.RemoteTestNGStarter.main(RemoteTestNGStarter.java:109)\r\n"},"stage":"finished","steps":[],"attachments":[],"parameters":[{"name":"by","value":"By.xpath: //span[normalize-space()='Tất cả']"}],"start":1687422701255,"stop":1687422711642}],"attachments":[],"parameters":[{"name":"by","value":"By.xpath: //span[normalize-space()='Tất cả']"}],"start":1687422701255,"stop":1687422711642}],"attachments":[{"name":"Page screenshot","source":"efa968f2-2e92-4f41-9c2a-25a5382c513e-attachment","type":"image/png"}],"parameters":[],"start":1687422680836,"stop":1687422712274}